# JRE version: OpenJDK Runtime Environment (21.0.7) (build 21.0.7+-13880790-b1038.58)
# Java VM: OpenJDK 64-Bit Server VM (21.0.7+-13880790-b1038.58, mixed mode, tiered, compressed oops, compressed class ptrs, g1 gc, windows-amd64)
GC Precious Log:
 CardTable entry size: 512
 Card Set container configuration: InlinePtr #cards 5 size 8 Array Of Cards #cards 12 size 40 Howl #buckets 4 coarsen threshold 1843 Howl Bitmap #cards 512 size 80 coarsen threshold 460 Card regions per heap region 1 cards per card region 2048
 CPUs: 16 total, 16 available
 Memory: 20148M
 Large Page Support: Disabled
 NUMA Support: Disabled
 Compressed Oops: Enabled (32-bit)
 Heap Region Size: 1M
 Heap Min Capacity: 8M
 Heap Initial Capacity: 316M
 Heap Max Capacity: 2G
 Pre-touch: Disabled
 Parallel Workers: 13
 Concurrent Workers: 3
 Concurrent Refinement Workers: 13
 Periodic GC: Disabled
Heap:
 garbage-first heap   total 87040K, used 50731K [0x0000000080000000, 0x0000000100000000)
  region size 1024K, 11 young (11264K), 2 survivors (2048K)
 Metaspace       used 59736K, committed 61248K, reserved 1114112K
  class space    used 8150K, committed 8896K, reserved 1048576K
GC Heap History (20 events):
Event: 2.648 GC heap before
{Heap before GC invocations=3 (full 0):
 garbage-first heap   total 323584K, used 31287K [0x0000000080000000, 0x0000000100000000)
  region size 1024K, 23 young (23552K), 9 survivors (9216K)
 Metaspace       used 21231K, committed 21504K, reserved 1114112K
  class space    used 2465K, committed 2560K, reserved 1048576K
}
Event: 2.654 GC heap after
{Heap after GC invocations=4 (full 0):
 garbage-first heap   total 323584K, used 20607K [0x0000000080000000, 0x0000000100000000)
  region size 1024K, 11 young (11264K), 11 survivors (11264K)
 Metaspace       used 21231K, committed 21504K, reserved 1114112K
  class space    used 2465K, committed 2560K, reserved 1048576K
}
Event: 4.785 GC heap before
{Heap before GC invocations=5 (full 0):
 garbage-first heap   total 71680K, used 69759K [0x0000000080000000, 0x0000000100000000)
  region size 1024K, 60 young (61440K), 11 survivors (11264K)
 Metaspace       used 29171K, committed 29696K, reserved 1114112K
  class space    used 3740K, committed 3968K, reserved 1048576K
}
Event: 4.793 GC heap after
{Heap after GC invocations=6 (full 0):
 garbage-first heap   total 84992K, used 22376K [0x0000000080000000, 0x0000000100000000)
  region size 1024K, 13 young (13312K), 13 survivors (13312K)
 Metaspace       used 29171K, committed 29696K, reserved 1114112K
  class space    used 3740K, committed 3968K, reserved 1048576K
}
Event: 5.836 GC heap before
{Heap before GC invocations=6 (full 0):
 garbage-first heap   total 84992K, used 59240K [0x0000000080000000, 0x0000000100000000)
  region size 1024K, 49 young (50176K), 13 survivors (13312K)
 Metaspace       used 33741K, committed 34496K, reserved 1114112K
  class space    used 4529K, committed 4864K, reserved 1048576K
}
Event: 5.844 GC heap after
{Heap after GC invocations=7 (full 0):
 garbage-first heap   total 84992K, used 25358K [0x0000000080000000, 0x0000000100000000)
  region size 1024K, 6 young (6144K), 6 survivors (6144K)
 Metaspace       used 33741K, committed 34496K, reserved 1114112K
  class space    used 4529K, committed 4864K, reserved 1048576K
}
Event: 6.145 GC heap before
{Heap before GC invocations=7 (full 0):
 garbage-first heap   total 84992K, used 33550K [0x0000000080000000, 0x0000000100000000)
  region size 1024K, 16 young (16384K), 6 survivors (6144K)
 Metaspace       used 35235K, committed 35968K, reserved 1114112K
  class space    used 4762K, committed 5120K, reserved 1048576K
}
Event: 6.151 GC heap after
{Heap after GC invocations=8 (full 0):
 garbage-first heap   total 84992K, used 25644K [0x0000000080000000, 0x0000000100000000)
  region size 1024K, 4 young (4096K), 4 survivors (4096K)
 Metaspace       used 35235K, committed 35968K, reserved 1114112K
  class space    used 4762K, committed 5120K, reserved 1048576K
}
Event: 7.738 GC heap before
{Heap before GC invocations=9 (full 0):
 garbage-first heap   total 84992K, used 67628K [0x0000000080000000, 0x0000000100000000)
  region size 1024K, 46 young (47104K), 4 survivors (4096K)
 Metaspace       used 43721K, committed 44608K, reserved 1114112K
  class space    used 5851K, committed 6272K, reserved 1048576K
}
Event: 7.746 GC heap after
{Heap after GC invocations=10 (full 0):
 garbage-first heap   total 84992K, used 29487K [0x0000000080000000, 0x0000000100000000)
  region size 1024K, 6 young (6144K), 6 survivors (6144K)
 Metaspace       used 43721K, committed 44608K, reserved 1114112K
  class space    used 5851K, committed 6272K, reserved 1048576K
}
Event: 8.726 GC heap before
{Heap before GC invocations=10 (full 0):
 garbage-first heap   total 84992K, used 75567K [0x0000000080000000, 0x0000000100000000)
  region size 1024K, 46 young (47104K), 6 survivors (6144K)
 Metaspace       used 46901K, committed 47936K, reserved 1114112K
  class space    used 6186K, committed 6656K, reserved 1048576K
}
Event: 8.734 GC heap after
{Heap after GC invocations=11 (full 0):
 garbage-first heap   total 87040K, used 33192K [0x0000000080000000, 0x0000000100000000)
  region size 1024K, 4 young (4096K), 4 survivors (4096K)
 Metaspace       used 46901K, committed 47936K, reserved 1114112K
  class space    used 6186K, committed 6656K, reserved 1048576K
}
Event: 9.795 GC heap before
{Heap before GC invocations=11 (full 0):
 garbage-first heap   total 87040K, used 73128K [0x0000000080000000, 0x0000000100000000)
  region size 1024K, 43 young (44032K), 4 survivors (4096K)
 Metaspace       used 51834K, committed 53248K, reserved 1114112K
  class space    used 7014K, committed 7744K, reserved 1048576K
}
Event: 9.799 GC heap after
{Heap after GC invocations=12 (full 0):
 garbage-first heap   total 87040K, used 35596K [0x0000000080000000, 0x0000000100000000)
  region size 1024K, 3 young (3072K), 3 survivors (3072K)
 Metaspace       used 51834K, committed 53248K, reserved 1114112K
  class space    used 7014K, committed 7744K, reserved 1048576K
}
Event: 11.216 GC heap before
{Heap before GC invocations=12 (full 0):
 garbage-first heap   total 87040K, used 74508K [0x0000000080000000, 0x0000000100000000)
  region size 1024K, 41 young (41984K), 3 survivors (3072K)
 Metaspace       used 55870K, committed 57344K, reserved 1114112K
  class space    used 7674K, committed 8384K, reserved 1048576K
}
Event: 11.224 GC heap after
{Heap after GC invocations=13 (full 0):
 garbage-first heap   total 87040K, used 40465K [0x0000000080000000, 0x0000000100000000)
  region size 1024K, 6 young (6144K), 6 survivors (6144K)
 Metaspace       used 55870K, committed 57344K, reserved 1114112K
  class space    used 7674K, committed 8384K, reserved 1048576K
}
Event: 11.730 GC heap before
{Heap before GC invocations=13 (full 0):
 garbage-first heap   total 87040K, used 75281K [0x0000000080000000, 0x0000000100000000)
  region size 1024K, 39 young (39936K), 6 survivors (6144K)
 Metaspace       used 57793K, committed 59264K, reserved 1114112K
  class space    used 7846K, committed 8576K, reserved 1048576K
}
Event: 11.738 GC heap after
{Heap after GC invocations=14 (full 0):
 garbage-first heap   total 87040K, used 42078K [0x0000000080000000, 0x0000000100000000)
  region size 1024K, 2 young (2048K), 2 survivors (2048K)
 Metaspace       used 57793K, committed 59264K, reserved 1114112K
  class space    used 7846K, committed 8576K, reserved 1048576K
}
Event: 12.056 GC heap before
{Heap before GC invocations=14 (full 0):
 garbage-first heap   total 87040K, used 50270K [0x0000000080000000, 0x0000000100000000)
  region size 1024K, 11 young (11264K), 2 survivors (2048K)
 Metaspace       used 58627K, committed 60096K, reserved 1114112K
  class space    used 7981K, committed 8704K, reserved 1048576K
}
Event: 12.059 GC heap after
{Heap after GC invocations=15 (full 0):
 garbage-first heap   total 87040K, used 42539K [0x0000000080000000, 0x0000000100000000)
  region size 1024K, 2 young (2048K), 2 survivors (2048K)
 Metaspace       used 58627K, committed 60096K, reserved 1114112K
  class space    used 7981K, committed 8704K, reserved 1048576K
}

